c{"k":"bm","s":"bm","v":64,"c":1647248724,"e":0}
m{"k":"bm","mf":"bm_s","u":1647248733,"p":[1]}
m{"k":"bm","mf":"bm_s","u":1647248735,"p":[2]}
m{"k":"bm","mf":"bm_s","u":1647248738,"p":[7]}
m{"k":"bm","mf":"bm_s","u":1647248740,"p":[8]}
m{"k":"bm","mf":"bm_c","u":1647248764,"p":[2]}
c{"k":"filter","s":"bfs","v":{"M":1000,"K":4},"c":1647248884,"e":0}
m{"k":"filter","mf":"bf_a","u":1647248890,"p":["aasd"]}
m{"k":"filter","mf":"bf_a","u":1647248894,"p":["s"]}
m{"k":"filter","mf":"bf_a","u":1647248898,"p":["wq"]}
c{"k":"fool","s":"bff","v":{"N":10000,"Fp":0.1},"c":1647248959,"e":0}
d{"k":"fool"}
c{"k":"c","s":"cnt","v":10,"c":1647248995,"e":0}
m{"k":"c","mf":"cnt_i","u":1647248998,"p":null}
m{"k":"c","mf":"cnt_i","u":1647248999,"p":null}
m{"k":"c","mf":"cnt_d","u":1647249001,"p":null}
m{"k":"c","mf":"cnt_ib","u":1647249004,"p":[3]}
m{"k":"c","mf":"cnt_db","u":1647249007,"p":[3]}
c{"k":"elements","s":"lst","v":[1,3.14,"Sam","Jack",true,{"age":18,"name":"wq"},[-1,0,0.9]],"c":1647249030,"e":0}
m{"k":"elements","mf":"lst_a","u":1647249086,"p":[[[1,2,3]]]}
m{"k":"elements","mf":"lst_rv","u":1647249104,"p":[{"age":18,"name":"wq"}]}
c{"k":"wq","s":"obj","v":{"address":{"city":"厦门","province":"福建"},"age":18,"is_handsome":true,"name":"wq"},"c":1647249118,"e":0}
m{"k":"wq","mf":"obj_sf","u":1647249127,"p":["age",22]}
c{"k":"trash2","s":"set","v":[1,3.14,"wq",false],"c":1647249139,"e":0}
m{"k":"trash2","mf":"set_a","u":1647249142,"p":["asd"]}
m{"k":"trash2","mf":"set_r","u":1647249159,"p":["asd"]}
c{"k":"set","s":"str","v":"w","c":1647249182,"e":10}
c{"k":"scores","s":"zl","v":[{"score":90,"val":"Chinese"},{"score":130,"val":"Math"},{"score":145,"val":"English"}],"c":1647249198,"e":0}
m{"k":"scores","mf":"zl_a","u":1647249202,"p":[[{"score":100,"val":"Science"},{"score":85,"val":"History"}]]}
m{"k":"scores","mf":"zl_ris","u":1647249221,"p":[90,140]}
